<?xml version="1.0" encoding="UTF-8"?>
<testng-results ignored="0" total="1" passed="1" failed="0" skipped="0">
  <reporter-output>
  </reporter-output>
  <suite started-at="2024-11-25T22:00:47 IST" name="Suite" finished-at="2024-11-25T22:01:13 IST" duration-ms="26086">
    <groups>
      <group name="cucumber">
        <method signature="AbstractTestNGCucumberTests.runScenario(io.cucumber.testng.PickleWrapper,io.cucumber.testng.FeatureWrapper)[pri:0, instance:fitpeo.runners.FitPeoTestRunner@34123d65]" name="runScenario" class="io.cucumber.testng.AbstractTestNGCucumberTests"/>
      </group> <!-- cucumber -->
    </groups>
    <test started-at="2024-11-25T22:00:47 IST" name="Test" finished-at="2024-11-25T22:01:13 IST" duration-ms="26086">
      <class name="fitpeo.runners.FitPeoTestRunner">
        <test-method is-config="true" signature="setUpClass(org.testng.ITestContext)[pri:0, instance:fitpeo.runners.FitPeoTestRunner@34123d65]" started-at="2024-11-25T22:00:47 IST" name="setUpClass" finished-at="2024-11-25T22:00:47 IST" duration-ms="429" status="PASS">
          <params>
            <param index="0">
              <value>
                <![CDATA[org.testng.TestRunner@1a8df0b3]]>
              </value>
            </param>
          </params>
          <reporter-output>
          </reporter-output>
        </test-method> <!-- setUpClass -->
        <test-method signature="runScenario(io.cucumber.testng.PickleWrapper,io.cucumber.testng.FeatureWrapper)[pri:0, instance:fitpeo.runners.FitPeoTestRunner@34123d65]" started-at="2024-11-25T22:00:47 IST" name="runScenario" description="Runs Cucumber Scenarios" data-provider="scenarios" finished-at="2024-11-25T22:01:12 IST" duration-ms="25031" status="PASS">
          <params>
            <param index="0">
              <value>
                <![CDATA["FitPeo Assessmet Scenario"]]>
              </value>
            </param>
            <param index="1">
              <value>
                <![CDATA["FitPeo Test Cases"]]>
              </value>
            </param>
          </params>
          <reporter-output>
          </reporter-output>
        </test-method> <!-- runScenario -->
        <test-method is-config="true" signature="tearDownClass()[pri:0, instance:fitpeo.runners.FitPeoTestRunner@34123d65]" started-at="2024-11-25T22:01:12 IST" name="tearDownClass" finished-at="2024-11-25T22:01:13 IST" duration-ms="579" status="PASS">
          <reporter-output>
          </reporter-output>
        </test-method> <!-- tearDownClass -->
      </class> <!-- fitpeo.runners.FitPeoTestRunner -->
    </test> <!-- Test -->
  </suite> <!-- Suite -->
</testng-results>
